loadcore_IMPORTS_start
I_RegisterLibraryEntries
loadcore_IMPORTS_end

sifcmd_IMPORTS_start
I_sceSifInitRpc
I_sceSifRegisterRpc
I_sceSifSetRpcQueue
I_sceSifRpcLoop
sifcmd_IMPORTS_end

sysclib_IMPORTS_start
I_memcpy
sysclib_IMPORTS_end

thbase_IMPORTS_start
I_CreateThread
I_DelayThread
I_StartThread
I_GetThreadId
thbase_IMPORTS_end

thsemap_IMPORTS_start
I_CreateSema
I_SignalSema
I_WaitSema
I_DeleteSema
thsemap_IMPORTS_end

usbd_IMPORTS_start
I_UsbRegisterDriver
I_UsbGetDeviceStaticDescriptor
I_UsbOpenEndpoint
I_UsbSetDevicePrivateData
I_UsbTransfer
usbd_IMPORTS_end
